<?xml version="1.0" encoding="UTF-8"?>
<testsuite name="pt.isel.mpd.LazyQueriesTest" tests="1" skipped="0" failures="0" errors="0" timestamp="2020-03-16T19:47:38" hostname="Quack" time="0.006">
  <properties/>
  <testcase name="interleaveNumbers" classname="pt.isel.mpd.LazyQueriesTest" time="0.006"/>
  <system-out><![CDATA[]]></system-out>
  <system-err><![CDATA[]]></system-err>
</testsuite>
