<?xml version="1.0" encoding="UTF-8"?>
<testsuite name="pt.isel.mpd.LazyQueriesTest" tests="1" skipped="0" failures="0" errors="0" timestamp="2020-03-18T20:43:30" hostname="Quack" time="0.007">
  <properties/>
  <testcase name="interleaveNumbersEmpty" classname="pt.isel.mpd.LazyQueriesTest" time="0.007"/>
  <system-out><![CDATA[]]></system-out>
  <system-err><![CDATA[]]></system-err>
</testsuite>
